<?xml version="1.0" encoding="UTF-8"?>
<testng-results skipped="6" failed="1" total="8" passed="1">
  <reporter-output>
  </reporter-output>
  <suite name="Default Suite" duration-ms="0" started-at="2015-09-22T04:48:14Z" finished-at="2015-09-22T04:48:14Z">
    <groups>
    </groups>
  </suite> <!-- Default Suite -->
  <suite name="Concurrent Suite" duration-ms="266501" started-at="2015-09-22T04:43:47Z" finished-at="2015-09-22T04:48:13Z">
    <groups>
    </groups>
    <test name="Concurrent Installations" duration-ms="266501" started-at="2015-09-22T04:43:47Z" finished-at="2015-09-22T04:48:13Z">
      <class name="com.avaya.sdmclient.runnerdemo.sdmSMGRConcurrent">
        <test-method status="PASS" signature="setup()[pri:0, instance:com.avaya.sdmclient.runnerdemo.sdmSMGRConcurrent@7318ff8a]" name="setup" is-config="true" duration-ms="35" started-at="2015-09-22T10:13:47Z" finished-at="2015-09-22T10:13:47Z">
          <reporter-output>
          </reporter-output>
        </test-method> <!-- setup -->
        <test-method status="FAIL" signature="AddVM(java.lang.String, java.lang.String)[pri:0, instance:com.avaya.sdmclient.runnerdemo.sdmSMGRConcurrent@7318ff8a]" name="AddVM" duration-ms="142486" started-at="2015-09-22T10:13:47Z" description="Adding VM to given Location and Host" finished-at="2015-09-22T10:16:09Z">
          <params>
            <param index="0">
              <value>
                <![CDATA[148.147.162.221]]>
              </value>
            </param>
            <param index="1">
              <value>
                <![CDATA[SM-7.0.0.0.700007-e55-01.ova]]>
              </value>
            </param>
          </params>
          <exception class="org.openqa.selenium.NoSuchElementException">
            <message>
              <![CDATA[Unable to locate element: {"method":"class name","selector":"deployinprogress"}
Command duration or timeout: 4.57 seconds
For documentation on this error, please visit: http://seleniumhq.org/exceptions/no_such_element.html
Build info: version: '2.46.0', revision: '87c69e2', time: '2015-06-04 16:16:47'
System info: host: 'HA1101901716', ip: '148.147.208.138', os.name: 'Windows 7', os.arch: 'amd64', os.version: '6.1', java.version: '1.7.0_71'
*** Element info: {Using=class name, value=deployinprogress}
Session ID: 910a40ea-3d40-46e6-8183-85e83b4fb52d
Driver info: org.openqa.selenium.firefox.FirefoxDriver
Capabilities [{platform=WINDOWS, acceptSslCerts=true, javascriptEnabled=true, cssSelectorsEnabled=true, databaseEnabled=true, browserName=firefox, handlesAlerts=true, nativeEvents=false, webStorageEnabled=true, rotatable=false, locationContextEnabled=true, applicationCacheEnabled=true, takesScreenshot=true, version=40.0.3}]]]>
            </message>
            <full-stacktrace>
              <![CDATA[org.openqa.selenium.NoSuchElementException: Unable to locate element: {"method":"class name","selector":"deployinprogress"}
Command duration or timeout: 4.57 seconds
For documentation on this error, please visit: http://seleniumhq.org/exceptions/no_such_element.html
Build info: version: '2.46.0', revision: '87c69e2', time: '2015-06-04 16:16:47'
System info: host: 'HA1101901716', ip: '148.147.208.138', os.name: 'Windows 7', os.arch: 'amd64', os.version: '6.1', java.version: '1.7.0_71'
*** Element info: {Using=class name, value=deployinprogress}
Session ID: 910a40ea-3d40-46e6-8183-85e83b4fb52d
Driver info: org.openqa.selenium.firefox.FirefoxDriver
Capabilities [{platform=WINDOWS, acceptSslCerts=true, javascriptEnabled=true, cssSelectorsEnabled=true, databaseEnabled=true, browserName=firefox, handlesAlerts=true, nativeEvents=false, webStorageEnabled=true, rotatable=false, locationContextEnabled=true, applicationCacheEnabled=true, takesScreenshot=true, version=40.0.3}]
	at sun.reflect.NativeConstructorAccessorImpl.newInstance0(Native Method)
	at sun.reflect.NativeConstructorAccessorImpl.newInstance(Unknown Source)
	at sun.reflect.DelegatingConstructorAccessorImpl.newInstance(Unknown Source)
	at java.lang.reflect.Constructor.newInstance(Unknown Source)
	at org.openqa.selenium.remote.ErrorHandler.createThrowable(ErrorHandler.java:204)
	at org.openqa.selenium.remote.ErrorHandler.throwIfResponseFailed(ErrorHandler.java:156)
	at org.openqa.selenium.remote.RemoteWebDriver.execute(RemoteWebDriver.java:605)
	at org.openqa.selenium.remote.RemoteWebElement.execute(RemoteWebElement.java:269)
	at org.openqa.selenium.remote.RemoteWebElement.findElement(RemoteWebElement.java:172)
	at org.openqa.selenium.remote.RemoteWebElement.findElementByClassName(RemoteWebElement.java:229)
	at org.openqa.selenium.By$ByClassName.findElement(By.java:388)
	at org.openqa.selenium.remote.RemoteWebElement.findElement(RemoteWebElement.java:168)
	at com.avaya.sdmclient.Settings.chooseLink(Settings.java:506)
	at com.avaya.sdmclient.runnerdemo.sdmSMGRConcurrent.AddVM(sdmSMGRConcurrent.java:342)
	at sun.reflect.NativeMethodAccessorImpl.invoke0(Native Method)
	at sun.reflect.NativeMethodAccessorImpl.invoke(Unknown Source)
	at sun.reflect.DelegatingMethodAccessorImpl.invoke(Unknown Source)
	at java.lang.reflect.Method.invoke(Unknown Source)
	at org.testng.internal.MethodInvocationHelper.invokeMethod(MethodInvocationHelper.java:85)
	at org.testng.internal.Invoker.invokeMethod(Invoker.java:648)
	at org.testng.internal.Invoker.invokeTestMethod(Invoker.java:834)
	at org.testng.internal.Invoker.invokeTestMethods(Invoker.java:1142)
	at org.testng.internal.TestMethodWorker.invokeTestMethods(TestMethodWorker.java:124)
	at org.testng.internal.TestMethodWorker.run(TestMethodWorker.java:108)
	at org.testng.TestRunner.privateRun(TestRunner.java:771)
	at org.testng.TestRunner.run(TestRunner.java:621)
	at org.testng.SuiteRunner.runTest(SuiteRunner.java:357)
	at org.testng.SuiteRunner.runSequentially(SuiteRunner.java:352)
	at org.testng.SuiteRunner.privateRun(SuiteRunner.java:310)
	at org.testng.SuiteRunner.run(SuiteRunner.java:259)
	at org.testng.SuiteRunnerWorker.runSuite(SuiteRunnerWorker.java:52)
	at org.testng.SuiteRunnerWorker.run(SuiteRunnerWorker.java:86)
	at org.testng.TestNG.runSuitesSequentially(TestNG.java:1176)
	at org.testng.TestNG.runSuitesSequentially(TestNG.java:1172)
	at org.testng.TestNG.runSuitesLocally(TestNG.java:1101)
	at org.testng.TestNG.run(TestNG.java:1009)
	at com.avaya.sdmclient.runnerdemo.driverConcurrentInstallations.main(driverConcurrentInstallations.java:35)
Caused by: org.openqa.selenium.NoSuchElementException: Unable to locate element: {"method":"class name","selector":"deployinprogress"}
For documentation on this error, please visit: http://seleniumhq.org/exceptions/no_such_element.html
Build info: version: '2.46.0', revision: '87c69e2', time: '2015-06-04 16:16:47'
System info: host: 'HA1101901716', ip: '148.147.208.138', os.name: 'Windows 7', os.arch: 'amd64', os.version: '6.1', java.version: '1.7.0_71'
Driver info: driver.version: unknown
	at <anonymous class>.FirefoxDriver.prototype.findElementInternal_(file:///C:/Users/BSHING~1/AppData/Local/Temp/anonymous8852376114064624440webdriver-profile/extensions/fxdriver@googlecode.com/components/driver-component.js:10299)
	at <anonymous class>.fxdriver.Timer.prototype.setTimeout/<.notify(file:///C:/Users/BSHING~1/AppData/Local/Temp/anonymous8852376114064624440webdriver-profile/extensions/fxdriver@googlecode.com/components/driver-component.js:603)
]]>
            </full-stacktrace>
          </exception> <!-- org.openqa.selenium.NoSuchElementException -->
          <reporter-output>
          </reporter-output>
        </test-method> <!-- AddVM -->
        <test-method status="PASS" signature="startNewThread()[pri:0, instance:com.avaya.sdmclient.runnerdemo.sdmSMGRConcurrent@7318ff8a]" name="startNewThread" duration-ms="122859" started-at="2015-09-22T10:16:10Z" description="Starting New Thread" finished-at="2015-09-22T10:18:13Z">
          <reporter-output>
          </reporter-output>
        </test-method> <!-- startNewThread -->
        <test-method status="SKIP" signature="EditVM(java.lang.String, java.lang.String)[pri:0, instance:com.avaya.sdmclient.runnerdemo.sdmSMGRConcurrent@7318ff8a]" name="EditVM" duration-ms="0" started-at="2015-09-22T10:18:13Z" description="Editing VM to given Location and Host" depends-on-methods="com.avaya.sdmclient.runnerdemo.sdmSMGRConcurrent.AddVM" finished-at="2015-09-22T10:18:13Z">
          <exception class="java.lang.Throwable">
            <message>
              <![CDATA[Method sdmSMGRConcurrent.EditVM(java.lang.String, java.lang.String)[pri:0, instance:com.avaya.sdmclient.runnerdemo.sdmSMGRConcurrent@7318ff8a] depends on not successfully finished methods]]>
            </message>
            <full-stacktrace>
              <![CDATA[java.lang.Throwable: Method sdmSMGRConcurrent.EditVM(java.lang.String, java.lang.String)[pri:0, instance:com.avaya.sdmclient.runnerdemo.sdmSMGRConcurrent@7318ff8a] depends on not successfully finished methods
	at org.testng.internal.Invoker.invokeTestMethods(Invoker.java:1052)
	at org.testng.internal.TestMethodWorker.invokeTestMethods(TestMethodWorker.java:124)
	at org.testng.internal.TestMethodWorker.run(TestMethodWorker.java:108)
	at org.testng.TestRunner.privateRun(TestRunner.java:771)
	at org.testng.TestRunner.run(TestRunner.java:621)
	at org.testng.SuiteRunner.runTest(SuiteRunner.java:357)
	at org.testng.SuiteRunner.runSequentially(SuiteRunner.java:352)
	at org.testng.SuiteRunner.privateRun(SuiteRunner.java:310)
	at org.testng.SuiteRunner.run(SuiteRunner.java:259)
	at org.testng.SuiteRunnerWorker.runSuite(SuiteRunnerWorker.java:52)
	at org.testng.SuiteRunnerWorker.run(SuiteRunnerWorker.java:86)
	at org.testng.TestNG.runSuitesSequentially(TestNG.java:1176)
	at org.testng.TestNG.runSuitesSequentially(TestNG.java:1172)
	at org.testng.TestNG.runSuitesLocally(TestNG.java:1101)
	at org.testng.TestNG.run(TestNG.java:1009)
	at com.avaya.sdmclient.runnerdemo.driverConcurrentInstallations.main(driverConcurrentInstallations.java:35)
]]>
            </full-stacktrace>
          </exception> <!-- java.lang.Throwable -->
          <reporter-output>
          </reporter-output>
        </test-method> <!-- EditVM -->
        <test-method status="SKIP" signature="RefreshVM(java.lang.String, java.lang.String)[pri:0, instance:com.avaya.sdmclient.runnerdemo.sdmSMGRConcurrent@7318ff8a]" name="RefreshVM" duration-ms="0" started-at="2015-09-22T10:18:13Z" description="Refreshing VM to given Location and Host" depends-on-methods="com.avaya.sdmclient.runnerdemo.sdmSMGRConcurrent.AddVM" finished-at="2015-09-22T10:18:13Z">
          <exception class="java.lang.Throwable">
            <message>
              <![CDATA[Method sdmSMGRConcurrent.RefreshVM(java.lang.String, java.lang.String)[pri:0, instance:com.avaya.sdmclient.runnerdemo.sdmSMGRConcurrent@7318ff8a] depends on not successfully finished methods]]>
            </message>
            <full-stacktrace>
              <![CDATA[java.lang.Throwable: Method sdmSMGRConcurrent.RefreshVM(java.lang.String, java.lang.String)[pri:0, instance:com.avaya.sdmclient.runnerdemo.sdmSMGRConcurrent@7318ff8a] depends on not successfully finished methods
	at org.testng.internal.Invoker.invokeTestMethods(Invoker.java:1052)
	at org.testng.internal.TestMethodWorker.invokeTestMethods(TestMethodWorker.java:124)
	at org.testng.internal.TestMethodWorker.run(TestMethodWorker.java:108)
	at org.testng.TestRunner.privateRun(TestRunner.java:771)
	at org.testng.TestRunner.run(TestRunner.java:621)
	at org.testng.SuiteRunner.runTest(SuiteRunner.java:357)
	at org.testng.SuiteRunner.runSequentially(SuiteRunner.java:352)
	at org.testng.SuiteRunner.privateRun(SuiteRunner.java:310)
	at org.testng.SuiteRunner.run(SuiteRunner.java:259)
	at org.testng.SuiteRunnerWorker.runSuite(SuiteRunnerWorker.java:52)
	at org.testng.SuiteRunnerWorker.run(SuiteRunnerWorker.java:86)
	at org.testng.TestNG.runSuitesSequentially(TestNG.java:1176)
	at org.testng.TestNG.runSuitesSequentially(TestNG.java:1172)
	at org.testng.TestNG.runSuitesLocally(TestNG.java:1101)
	at org.testng.TestNG.run(TestNG.java:1009)
	at com.avaya.sdmclient.runnerdemo.driverConcurrentInstallations.main(driverConcurrentInstallations.java:35)
]]>
            </full-stacktrace>
          </exception> <!-- java.lang.Throwable -->
          <reporter-output>
          </reporter-output>
        </test-method> <!-- RefreshVM -->
        <test-method status="SKIP" signature="StartVM(java.lang.String, java.lang.String)[pri:0, instance:com.avaya.sdmclient.runnerdemo.sdmSMGRConcurrent@7318ff8a]" name="StartVM" duration-ms="0" started-at="2015-09-22T10:18:13Z" description="Starting VM to given Location and Host" depends-on-methods="com.avaya.sdmclient.runnerdemo.sdmSMGRConcurrent.AddVM" finished-at="2015-09-22T10:18:13Z">
          <exception class="java.lang.Throwable">
            <message>
              <![CDATA[Method sdmSMGRConcurrent.StartVM(java.lang.String, java.lang.String)[pri:0, instance:com.avaya.sdmclient.runnerdemo.sdmSMGRConcurrent@7318ff8a] depends on not successfully finished methods]]>
            </message>
            <full-stacktrace>
              <![CDATA[java.lang.Throwable: Method sdmSMGRConcurrent.StartVM(java.lang.String, java.lang.String)[pri:0, instance:com.avaya.sdmclient.runnerdemo.sdmSMGRConcurrent@7318ff8a] depends on not successfully finished methods
	at org.testng.internal.Invoker.invokeTestMethods(Invoker.java:1052)
	at org.testng.internal.TestMethodWorker.invokeTestMethods(TestMethodWorker.java:124)
	at org.testng.internal.TestMethodWorker.run(TestMethodWorker.java:108)
	at org.testng.TestRunner.privateRun(TestRunner.java:771)
	at org.testng.TestRunner.run(TestRunner.java:621)
	at org.testng.SuiteRunner.runTest(SuiteRunner.java:357)
	at org.testng.SuiteRunner.runSequentially(SuiteRunner.java:352)
	at org.testng.SuiteRunner.privateRun(SuiteRunner.java:310)
	at org.testng.SuiteRunner.run(SuiteRunner.java:259)
	at org.testng.SuiteRunnerWorker.runSuite(SuiteRunnerWorker.java:52)
	at org.testng.SuiteRunnerWorker.run(SuiteRunnerWorker.java:86)
	at org.testng.TestNG.runSuitesSequentially(TestNG.java:1176)
	at org.testng.TestNG.runSuitesSequentially(TestNG.java:1172)
	at org.testng.TestNG.runSuitesLocally(TestNG.java:1101)
	at org.testng.TestNG.run(TestNG.java:1009)
	at com.avaya.sdmclient.runnerdemo.driverConcurrentInstallations.main(driverConcurrentInstallations.java:35)
]]>
            </full-stacktrace>
          </exception> <!-- java.lang.Throwable -->
          <reporter-output>
          </reporter-output>
        </test-method> <!-- StartVM -->
        <test-method status="SKIP" signature="StopVM(java.lang.String, java.lang.String)[pri:0, instance:com.avaya.sdmclient.runnerdemo.sdmSMGRConcurrent@7318ff8a]" name="StopVM" duration-ms="0" started-at="2015-09-22T10:18:13Z" description="Stoping VM to given Location and Host" depends-on-methods="com.avaya.sdmclient.runnerdemo.sdmSMGRConcurrent.AddVM" finished-at="2015-09-22T10:18:13Z">
          <exception class="java.lang.Throwable">
            <message>
              <![CDATA[Method sdmSMGRConcurrent.StopVM(java.lang.String, java.lang.String)[pri:0, instance:com.avaya.sdmclient.runnerdemo.sdmSMGRConcurrent@7318ff8a] depends on not successfully finished methods]]>
            </message>
            <full-stacktrace>
              <![CDATA[java.lang.Throwable: Method sdmSMGRConcurrent.StopVM(java.lang.String, java.lang.String)[pri:0, instance:com.avaya.sdmclient.runnerdemo.sdmSMGRConcurrent@7318ff8a] depends on not successfully finished methods
	at org.testng.internal.Invoker.invokeTestMethods(Invoker.java:1052)
	at org.testng.internal.TestMethodWorker.invokeTestMethods(TestMethodWorker.java:124)
	at org.testng.internal.TestMethodWorker.run(TestMethodWorker.java:108)
	at org.testng.TestRunner.privateRun(TestRunner.java:771)
	at org.testng.TestRunner.run(TestRunner.java:621)
	at org.testng.SuiteRunner.runTest(SuiteRunner.java:357)
	at org.testng.SuiteRunner.runSequentially(SuiteRunner.java:352)
	at org.testng.SuiteRunner.privateRun(SuiteRunner.java:310)
	at org.testng.SuiteRunner.run(SuiteRunner.java:259)
	at org.testng.SuiteRunnerWorker.runSuite(SuiteRunnerWorker.java:52)
	at org.testng.SuiteRunnerWorker.run(SuiteRunnerWorker.java:86)
	at org.testng.TestNG.runSuitesSequentially(TestNG.java:1176)
	at org.testng.TestNG.runSuitesSequentially(TestNG.java:1172)
	at org.testng.TestNG.runSuitesLocally(TestNG.java:1101)
	at org.testng.TestNG.run(TestNG.java:1009)
	at com.avaya.sdmclient.runnerdemo.driverConcurrentInstallations.main(driverConcurrentInstallations.java:35)
]]>
            </full-stacktrace>
          </exception> <!-- java.lang.Throwable -->
          <reporter-output>
          </reporter-output>
        </test-method> <!-- StopVM -->
        <test-method status="SKIP" signature="DeleteVM(java.lang.String, java.lang.String)[pri:0, instance:com.avaya.sdmclient.runnerdemo.sdmSMGRConcurrent@7318ff8a]" name="DeleteVM" duration-ms="0" started-at="2015-09-22T10:18:13Z" description="Deleting VM to given Location and Host" depends-on-methods="com.avaya.sdmclient.runnerdemo.sdmSMGRConcurrent.AddVM" finished-at="2015-09-22T10:18:13Z">
          <exception class="java.lang.Throwable">
            <message>
              <![CDATA[Method sdmSMGRConcurrent.DeleteVM(java.lang.String, java.lang.String)[pri:0, instance:com.avaya.sdmclient.runnerdemo.sdmSMGRConcurrent@7318ff8a] depends on not successfully finished methods]]>
            </message>
            <full-stacktrace>
              <![CDATA[java.lang.Throwable: Method sdmSMGRConcurrent.DeleteVM(java.lang.String, java.lang.String)[pri:0, instance:com.avaya.sdmclient.runnerdemo.sdmSMGRConcurrent@7318ff8a] depends on not successfully finished methods
	at org.testng.internal.Invoker.invokeTestMethods(Invoker.java:1052)
	at org.testng.internal.TestMethodWorker.invokeTestMethods(TestMethodWorker.java:124)
	at org.testng.internal.TestMethodWorker.run(TestMethodWorker.java:108)
	at org.testng.TestRunner.privateRun(TestRunner.java:771)
	at org.testng.TestRunner.run(TestRunner.java:621)
	at org.testng.SuiteRunner.runTest(SuiteRunner.java:357)
	at org.testng.SuiteRunner.runSequentially(SuiteRunner.java:352)
	at org.testng.SuiteRunner.privateRun(SuiteRunner.java:310)
	at org.testng.SuiteRunner.run(SuiteRunner.java:259)
	at org.testng.SuiteRunnerWorker.runSuite(SuiteRunnerWorker.java:52)
	at org.testng.SuiteRunnerWorker.run(SuiteRunnerWorker.java:86)
	at org.testng.TestNG.runSuitesSequentially(TestNG.java:1176)
	at org.testng.TestNG.runSuitesSequentially(TestNG.java:1172)
	at org.testng.TestNG.runSuitesLocally(TestNG.java:1101)
	at org.testng.TestNG.run(TestNG.java:1009)
	at com.avaya.sdmclient.runnerdemo.driverConcurrentInstallations.main(driverConcurrentInstallations.java:35)
]]>
            </full-stacktrace>
          </exception> <!-- java.lang.Throwable -->
          <reporter-output>
          </reporter-output>
        </test-method> <!-- DeleteVM -->
        <test-method status="SKIP" signature="RestartVM(java.lang.String, java.lang.String)[pri:0, instance:com.avaya.sdmclient.runnerdemo.sdmSMGRConcurrent@7318ff8a]" name="RestartVM" duration-ms="0" started-at="2015-09-22T10:18:13Z" description="Restarting VM to given Location and Host" depends-on-methods="com.avaya.sdmclient.runnerdemo.sdmSMGRConcurrent.AddVM" finished-at="2015-09-22T10:18:13Z">
          <exception class="java.lang.Throwable">
            <message>
              <![CDATA[Method sdmSMGRConcurrent.RestartVM(java.lang.String, java.lang.String)[pri:0, instance:com.avaya.sdmclient.runnerdemo.sdmSMGRConcurrent@7318ff8a] depends on not successfully finished methods]]>
            </message>
            <full-stacktrace>
              <![CDATA[java.lang.Throwable: Method sdmSMGRConcurrent.RestartVM(java.lang.String, java.lang.String)[pri:0, instance:com.avaya.sdmclient.runnerdemo.sdmSMGRConcurrent@7318ff8a] depends on not successfully finished methods
	at org.testng.internal.Invoker.invokeTestMethods(Invoker.java:1052)
	at org.testng.internal.TestMethodWorker.invokeTestMethods(TestMethodWorker.java:124)
	at org.testng.internal.TestMethodWorker.run(TestMethodWorker.java:108)
	at org.testng.TestRunner.privateRun(TestRunner.java:771)
	at org.testng.TestRunner.run(TestRunner.java:621)
	at org.testng.SuiteRunner.runTest(SuiteRunner.java:357)
	at org.testng.SuiteRunner.runSequentially(SuiteRunner.java:352)
	at org.testng.SuiteRunner.privateRun(SuiteRunner.java:310)
	at org.testng.SuiteRunner.run(SuiteRunner.java:259)
	at org.testng.SuiteRunnerWorker.runSuite(SuiteRunnerWorker.java:52)
	at org.testng.SuiteRunnerWorker.run(SuiteRunnerWorker.java:86)
	at org.testng.TestNG.runSuitesSequentially(TestNG.java:1176)
	at org.testng.TestNG.runSuitesSequentially(TestNG.java:1172)
	at org.testng.TestNG.runSuitesLocally(TestNG.java:1101)
	at org.testng.TestNG.run(TestNG.java:1009)
	at com.avaya.sdmclient.runnerdemo.driverConcurrentInstallations.main(driverConcurrentInstallations.java:35)
]]>
            </full-stacktrace>
          </exception> <!-- java.lang.Throwable -->
          <reporter-output>
          </reporter-output>
        </test-method> <!-- RestartVM -->
      </class> <!-- com.avaya.sdmclient.runnerdemo.sdmSMGRConcurrent -->
    </test> <!-- Concurrent Installations -->
  </suite> <!-- Concurrent Suite -->
</testng-results>
