<html>
<head>
<title>TestNG:  US-7.0.0.0.0.12-e55-01_OVF10.ova</title>
<link href="../testng.css" rel="stylesheet" type="text/css" />
<link href="../my-testng.css" rel="stylesheet" type="text/css" />

<style type="text/css">
.log { display: none;} 
.stack-trace { display: none;} 
</style>
<script type="text/javascript">
<!--
function flip(e) {
  current = e.style.display;
  if (current == 'block') {
    e.style.display = 'none';
    return 0;
  }
  else {
    e.style.display = 'block';
    return 1;
  }
}

function toggleBox(szDivId, elem, msg1, msg2)
{
  var res = -1;  if (document.getElementById) {
    res = flip(document.getElementById(szDivId));
  }
  else if (document.all) {
    // this is the way old msie versions work
    res = flip(document.all[szDivId]);
  }
  if(elem) {
    if(res == 0) elem.innerHTML = msg1; else elem.innerHTML = msg2;
  }

}

function toggleAllBoxes() {
  if (document.getElementsByTagName) {
    d = document.getElementsByTagName('div');
    for (i = 0; i < d.length; i++) {
      if (d[i].className == 'log') {
        flip(d[i]);
      }
    }
  }
}

// -->
</script>

</head>
<body>
<h2 align='center'>US-7.0.0.0.0.12-e55-01_OVF10.ova</h2><table border='1' align="center">
<tr>
<td>Tests passed/Failed/Skipped:</td><td>6/2/0</td>
</tr><tr>
<td>Started on:</td><td>Thu Oct 08 19:07:02 IST 2015</td>
</tr>
<tr><td>Total time:</td><td>6064 seconds (6064925 ms)</td>
</tr><tr>
<td>Included groups:</td><td></td>
</tr><tr>
<td>Excluded groups:</td><td></td>
</tr>
</table><p/>
<small><i>(Hover the method name to see the test class name)</i></small><p/>
<table width='100%' border='1' class='invocation-failed'>
<tr><td colspan='4' align='center'><b>FAILED TESTS</b></td></tr>
<tr><td><b>Test method</b></td>
<td width="30%"><b>Exception</b></td>
<td width="10%"><b>Time (seconds)</b></td>
<td><b>Instance</b></td>
</tr>
<tr>
<td title='com.avaya.sdmclient.runnerdemo.c1.AddVMSuite()'><b>AddVMSuite</b><br>Test class: com.avaya.sdmclient.runnerdemo.c1<br>Test method: Adding VM to given Location and Host<br>Parameters: 148.147.162.225, US-7.0.0.0.0.12-e55-01_OVF10.ova</td>
<td><div><pre>org.openqa.selenium.TimeoutException: Timed out after 1500 seconds waiting for text (&apos;Completed&apos;) to be present in element found by By.id: vmDeployStatus
Build info: version: &apos;2.46.0&apos;, revision: &apos;87c69e2&apos;, time: &apos;2015-06-04 16:16:47&apos;
System info: host: &apos;HA1101901716&apos;, ip: &apos;148.147.208.138&apos;, os.name: &apos;Windows 7&apos;, os.arch: &apos;amd64&apos;, os.version: &apos;6.1&apos;, java.version: &apos;1.7.0_71&apos;
Driver info: driver.version: unknown
	at org.openqa.selenium.support.ui.FluentWait.timeoutException(FluentWait.java:260)
	at org.openqa.selenium.support.ui.FluentWait.until(FluentWait.java:229)
	at com.avaya.sdmclient.Settings.fluentWait(Settings.java:578)
	at com.avaya.sdmclient.Settings.fluentWaitCloseOpen(Settings.java:599)
	at com.avaya.sdmclient.runnerdemo.c1.AddVMSuite(c1.java:146)
	at sun.reflect.NativeMethodAccessorImpl.invoke0(Native Method)
	at sun.reflect.NativeMethodAccessorImpl.invoke(Unknown Source)
	at sun.reflect.DelegatingMethodAccessorImpl.invoke(Unknown Source)
	at java.lang.reflect.Method.invoke(Unknown Source)
	at org.testng.internal.MethodInvocationHelper.invokeMethod(MethodInvocationHelper.java:85)
	at org.testng.internal.Invoker.invokeMethod(Invoker.java:648)
	at org.testng.internal.Invoker.invokeTestMethod(Invoker.java:834)
	at org.testng.internal.Invoker.invokeTestMethods(Invoker.java:1142)
	at org.testng.internal.TestMethodWorker.invokeTestMethods(TestMethodWorker.java:124)
	at org.testng.internal.TestMethodWorker.run(TestMethodWorker.java:108)
	at org.testng.TestRunner.privateRun(TestRunner.java:771)
	at org.testng.TestRunner.run(TestRunner.java:621)
	at org.testng.SuiteRunner.runTest(SuiteRunner.java:357)
	at org.testng.SuiteRunner.runSequentially(SuiteRunner.java:352)
	at org.testng.SuiteRunner.privateRun(SuiteRunner.java:310)
	at org.testng.SuiteRunner.run(SuiteRunner.java:259)
	at org.testng.SuiteRunnerWorker.runSuite(SuiteRunnerWorker.java:52)
	at org.testng.SuiteRunnerWorker.run(SuiteRunnerWorker.java:86)
	at org.testng.TestNG.runSuitesSequentially(TestNG.java:1176)
	at org.testng.TestNG.runSuitesSequentially(TestNG.java:1172)
	at org.testng.TestNG.runSuitesLocally(TestNG.java:1101)
	at org.testng.TestNG.run(TestNG.java:1009)
	at com.avaya.sdmclient.runnerdemo.settingsForConcThreads.runThread(settingsForConcThreads.java:306)
	at com.avaya.sdmclient.runnerdemo.c1$1MyRunnable.run(c1.java:419)
	at java.lang.Thread.run(Unknown Source)
</pre></div><a href='#' onClick='toggleBox("stack-trace1835959637", this, "Click to show all stack frames", "Click to hide stack frames")'>Click to show all stack frames</a>
<div class='stack-trace' id='stack-trace1835959637'><pre>org.openqa.selenium.TimeoutException: Timed out after 1500 seconds waiting for text (&apos;Completed&apos;) to be present in element found by By.id: vmDeployStatus
Build info: version: &apos;2.46.0&apos;, revision: &apos;87c69e2&apos;, time: &apos;2015-06-04 16:16:47&apos;
System info: host: &apos;HA1101901716&apos;, ip: &apos;148.147.208.138&apos;, os.name: &apos;Windows 7&apos;, os.arch: &apos;amd64&apos;, os.version: &apos;6.1&apos;, java.version: &apos;1.7.0_71&apos;
Driver info: driver.version: unknown
	at org.openqa.selenium.support.ui.FluentWait.timeoutException(FluentWait.java:260)
	at org.openqa.selenium.support.ui.FluentWait.until(FluentWait.java:229)
	at com.avaya.sdmclient.Settings.fluentWait(Settings.java:578)
	at com.avaya.sdmclient.Settings.fluentWaitCloseOpen(Settings.java:599)
	at com.avaya.sdmclient.runnerdemo.c1.AddVMSuite(c1.java:146)
	at sun.reflect.NativeMethodAccessorImpl.invoke0(Native Method)
	at sun.reflect.NativeMethodAccessorImpl.invoke(Unknown Source)
	at sun.reflect.DelegatingMethodAccessorImpl.invoke(Unknown Source)
	at java.lang.reflect.Method.invoke(Unknown Source)
	at org.testng.internal.MethodInvocationHelper.invokeMethod(MethodInvocationHelper.java:85)
	at org.testng.internal.Invoker.invokeMethod(Invoker.java:648)
	at org.testng.internal.Invoker.invokeTestMethod(Invoker.java:834)
	at org.testng.internal.Invoker.invokeTestMethods(Invoker.java:1142)
	at org.testng.internal.TestMethodWorker.invokeTestMethods(TestMethodWorker.java:124)
	at org.testng.internal.TestMethodWorker.run(TestMethodWorker.java:108)
	at org.testng.TestRunner.privateRun(TestRunner.java:771)
	at org.testng.TestRunner.run(TestRunner.java:621)
	at org.testng.SuiteRunner.runTest(SuiteRunner.java:357)
	at org.testng.SuiteRunner.runSequentially(SuiteRunner.java:352)
	at org.testng.SuiteRunner.privateRun(SuiteRunner.java:310)
	at org.testng.SuiteRunner.run(SuiteRunner.java:259)
	at org.testng.SuiteRunnerWorker.runSuite(SuiteRunnerWorker.java:52)
	at org.testng.SuiteRunnerWorker.run(SuiteRunnerWorker.java:86)
	at org.testng.TestNG.runSuitesSequentially(TestNG.java:1176)
	at org.testng.TestNG.runSuitesSequentially(TestNG.java:1172)
	at org.testng.TestNG.runSuitesLocally(TestNG.java:1101)
	at org.testng.TestNG.run(TestNG.java:1009)
	at com.avaya.sdmclient.runnerdemo.settingsForConcThreads.runThread(settingsForConcThreads.java:306)
	at com.avaya.sdmclient.runnerdemo.c1$1MyRunnable.run(c1.java:419)
	at java.lang.Thread.run(Unknown Source)
</pre></div></td>
<td>1682</td>
<td>com.avaya.sdmclient.runnerdemo.c1@181e4125</td></tr>
<tr>
<td title='com.avaya.sdmclient.runnerdemo.c1.RefreshVM()'><b>RefreshVM</b><br>Test class: com.avaya.sdmclient.runnerdemo.c1<br>Test method: Refreshing VM to given Location and Host<br>Parameters: 148.147.162.225, US-7.0.0.0.0.12-e55-01_OVF10.ova</td>
<td><div><pre>org.openqa.selenium.TimeoutException: Timed out after 50 seconds waiting for text (&apos;VM Trust Establishment Completed&apos;) to be present in element found by By.id: vmDeployStatus
Build info: version: &apos;2.46.0&apos;, revision: &apos;87c69e2&apos;, time: &apos;2015-06-04 16:16:47&apos;
System info: host: &apos;HA1101901716&apos;, ip: &apos;148.147.208.138&apos;, os.name: &apos;Windows 7&apos;, os.arch: &apos;amd64&apos;, os.version: &apos;6.1&apos;, java.version: &apos;1.7.0_71&apos;
Driver info: driver.version: unknown
	at org.openqa.selenium.support.ui.FluentWait.timeoutException(FluentWait.java:260)
	at org.openqa.selenium.support.ui.FluentWait.until(FluentWait.java:229)
	at com.avaya.sdmclient.Settings.fluentWait(Settings.java:578)
	at com.avaya.sdmclient.Settings.StatusCheck(Settings.java:668)
	at com.avaya.sdmclient.runnerdemo.c1.RefreshVM(c1.java:305)
	at sun.reflect.NativeMethodAccessorImpl.invoke0(Native Method)
	at sun.reflect.NativeMethodAccessorImpl.invoke(Unknown Source)
	at sun.reflect.DelegatingMethodAccessorImpl.invoke(Unknown Source)
	at java.lang.reflect.Method.invoke(Unknown Source)
	at org.testng.internal.MethodInvocationHelper.invokeMethod(MethodInvocationHelper.java:85)
	at org.testng.internal.Invoker.invokeMethod(Invoker.java:648)
	at org.testng.internal.Invoker.invokeTestMethod(Invoker.java:834)
	at org.testng.internal.Invoker.invokeTestMethods(Invoker.java:1142)
	at org.testng.internal.TestMethodWorker.invokeTestMethods(TestMethodWorker.java:124)
	at org.testng.internal.TestMethodWorker.run(TestMethodWorker.java:108)
	at org.testng.TestRunner.privateRun(TestRunner.java:771)
	at org.testng.TestRunner.run(TestRunner.java:621)
	at org.testng.SuiteRunner.runTest(SuiteRunner.java:357)
	at org.testng.SuiteRunner.runSequentially(SuiteRunner.java:352)
	at org.testng.SuiteRunner.privateRun(SuiteRunner.java:310)
	at org.testng.SuiteRunner.run(SuiteRunner.java:259)
	at org.testng.SuiteRunnerWorker.runSuite(SuiteRunnerWorker.java:52)
	at org.testng.SuiteRunnerWorker.run(SuiteRunnerWorker.java:86)
	at org.testng.TestNG.runSuitesSequentially(TestNG.java:1176)
	at org.testng.TestNG.runSuitesSequentially(TestNG.java:1172)
	at org.testng.TestNG.runSuitesLocally(TestNG.java:1101)
	at org.testng.TestNG.run(TestNG.java:1009)
	at com.avaya.sdmclient.runnerdemo.settingsForConcThreads.runThread(settingsForConcThreads.java:306)
	at com.avaya.sdmclient.runnerdemo.c1$1MyRunnable.run(c1.java:419)
	at java.lang.Thread.run(Unknown Source)
</pre></div><a href='#' onClick='toggleBox("stack-trace5981515", this, "Click to show all stack frames", "Click to hide stack frames")'>Click to show all stack frames</a>
<div class='stack-trace' id='stack-trace5981515'><pre>org.openqa.selenium.TimeoutException: Timed out after 50 seconds waiting for text (&apos;VM Trust Establishment Completed&apos;) to be present in element found by By.id: vmDeployStatus
Build info: version: &apos;2.46.0&apos;, revision: &apos;87c69e2&apos;, time: &apos;2015-06-04 16:16:47&apos;
System info: host: &apos;HA1101901716&apos;, ip: &apos;148.147.208.138&apos;, os.name: &apos;Windows 7&apos;, os.arch: &apos;amd64&apos;, os.version: &apos;6.1&apos;, java.version: &apos;1.7.0_71&apos;
Driver info: driver.version: unknown
	at org.openqa.selenium.support.ui.FluentWait.timeoutException(FluentWait.java:260)
	at org.openqa.selenium.support.ui.FluentWait.until(FluentWait.java:229)
	at com.avaya.sdmclient.Settings.fluentWait(Settings.java:578)
	at com.avaya.sdmclient.Settings.StatusCheck(Settings.java:668)
	at com.avaya.sdmclient.runnerdemo.c1.RefreshVM(c1.java:305)
	at sun.reflect.NativeMethodAccessorImpl.invoke0(Native Method)
	at sun.reflect.NativeMethodAccessorImpl.invoke(Unknown Source)
	at sun.reflect.DelegatingMethodAccessorImpl.invoke(Unknown Source)
	at java.lang.reflect.Method.invoke(Unknown Source)
	at org.testng.internal.MethodInvocationHelper.invokeMethod(MethodInvocationHelper.java:85)
	at org.testng.internal.Invoker.invokeMethod(Invoker.java:648)
	at org.testng.internal.Invoker.invokeTestMethod(Invoker.java:834)
	at org.testng.internal.Invoker.invokeTestMethods(Invoker.java:1142)
	at org.testng.internal.TestMethodWorker.invokeTestMethods(TestMethodWorker.java:124)
	at org.testng.internal.TestMethodWorker.run(TestMethodWorker.java:108)
	at org.testng.TestRunner.privateRun(TestRunner.java:771)
	at org.testng.TestRunner.run(TestRunner.java:621)
	at org.testng.SuiteRunner.runTest(SuiteRunner.java:357)
	at org.testng.SuiteRunner.runSequentially(SuiteRunner.java:352)
	at org.testng.SuiteRunner.privateRun(SuiteRunner.java:310)
	at org.testng.SuiteRunner.run(SuiteRunner.java:259)
	at org.testng.SuiteRunnerWorker.runSuite(SuiteRunnerWorker.java:52)
	at org.testng.SuiteRunnerWorker.run(SuiteRunnerWorker.java:86)
	at org.testng.TestNG.runSuitesSequentially(TestNG.java:1176)
	at org.testng.TestNG.runSuitesSequentially(TestNG.java:1172)
	at org.testng.TestNG.runSuitesLocally(TestNG.java:1101)
	at org.testng.TestNG.run(TestNG.java:1009)
	at com.avaya.sdmclient.runnerdemo.settingsForConcThreads.runThread(settingsForConcThreads.java:306)
	at com.avaya.sdmclient.runnerdemo.c1$1MyRunnable.run(c1.java:419)
	at java.lang.Thread.run(Unknown Source)
</pre></div></td>
<td>93</td>
<td>com.avaya.sdmclient.runnerdemo.c1@181e4125</td></tr>
</table><p>
<table width='100%' border='1' class='invocation-passed'>
<tr><td colspan='4' align='center'><b>PASSED TESTS</b></td></tr>
<tr><td><b>Test method</b></td>
<td width="30%"><b>Exception</b></td>
<td width="10%"><b>Time (seconds)</b></td>
<td><b>Instance</b></td>
</tr>
<tr>
<td title='com.avaya.sdmclient.runnerdemo.c1.DeleteVM()'><b>DeleteVM</b><br>Test class: com.avaya.sdmclient.runnerdemo.c1<br>Test method: Deleting VM to given Location and Host<br>Parameters: 148.147.162.225, US-7.0.0.0.0.12-e55-01_OVF10.ova</td>
<td></td>
<td>43</td>
<td>com.avaya.sdmclient.runnerdemo.c1@181e4125</td></tr>
<tr>
<td title='com.avaya.sdmclient.runnerdemo.c1.EditVM()'><b>EditVM</b><br>Test class: com.avaya.sdmclient.runnerdemo.c1<br>Test method: Editing VM to given Location and Host<br>Parameters: 148.147.162.225, US-7.0.0.0.0.12-e55-01_OVF10.ova</td>
<td></td>
<td>40</td>
<td>com.avaya.sdmclient.runnerdemo.c1@181e4125</td></tr>
<tr>
<td title='com.avaya.sdmclient.runnerdemo.c1.RestartVM()'><b>RestartVM</b><br>Test class: com.avaya.sdmclient.runnerdemo.c1<br>Test method: Restarting VM to given Location and Host<br>Parameters: 148.147.162.225, US-7.0.0.0.0.12-e55-01_OVF10.ova</td>
<td></td>
<td>141</td>
<td>com.avaya.sdmclient.runnerdemo.c1@181e4125</td></tr>
<tr>
<td title='com.avaya.sdmclient.runnerdemo.c1.StartVM()'><b>StartVM</b><br>Test class: com.avaya.sdmclient.runnerdemo.c1<br>Test method: Starting VM to given Location and Host<br>Parameters: 148.147.162.225, US-7.0.0.0.0.12-e55-01_OVF10.ova</td>
<td></td>
<td>104</td>
<td>com.avaya.sdmclient.runnerdemo.c1@181e4125</td></tr>
<tr>
<td title='com.avaya.sdmclient.runnerdemo.c1.StopVM()'><b>StopVM</b><br>Test class: com.avaya.sdmclient.runnerdemo.c1<br>Test method: Stoping VM to given Location and Host<br>Parameters: 148.147.162.225, US-7.0.0.0.0.12-e55-01_OVF10.ova</td>
<td></td>
<td>127</td>
<td>com.avaya.sdmclient.runnerdemo.c1@181e4125</td></tr>
<tr>
<td title='com.avaya.sdmclient.runnerdemo.c1.startNewThread()'><b>startNewThread</b><br>Test class: com.avaya.sdmclient.runnerdemo.c1<br>Test method: Starting New Thread<br>Parameters: 148.147.162.225, US-7.0.0.0.0.12-e55-01_OVF10.ova</td>
<td></td>
<td>3830</td>
<td>com.avaya.sdmclient.runnerdemo.c1@181e4125</td></tr>
</table><p>
</body>
</html>