<?xml version="1.0" encoding="UTF-8"?>
<testng-results skipped="0" failed="3" total="8" passed="5">
  <reporter-output>
  </reporter-output>
  <suite name="Default Suite" duration-ms="0" started-at="2015-09-28T09:41:31Z" finished-at="2015-09-28T09:41:31Z">
    <groups>
    </groups>
  </suite> <!-- Default Suite -->
  <suite name="Suite1" duration-ms="1328077" started-at="2015-09-28T09:19:23Z" finished-at="2015-09-28T09:41:31Z">
    <groups>
    </groups>
    <test name="CMM-07.0.0.0.441-e55-0.ova" duration-ms="1328077" started-at="2015-09-28T09:19:23Z" finished-at="2015-09-28T09:41:31Z">
      <class name="com.avaya.sdmclient.runnerdemo.c1">
        <test-method status="PASS" signature="setup()[pri:0, instance:com.avaya.sdmclient.runnerdemo.c1@5a34d1d1]" name="setup" is-config="true" duration-ms="1" started-at="2015-09-28T14:49:23Z" finished-at="2015-09-28T14:49:23Z">
          <reporter-output>
          </reporter-output>
        </test-method> <!-- setup -->
        <test-method status="PASS" signature="AddVMSuite(java.lang.String, java.lang.String)[pri:0, instance:com.avaya.sdmclient.runnerdemo.c1@5a34d1d1]" name="AddVMSuite" duration-ms="507079" started-at="2015-09-28T14:49:23Z" description="Adding VM to given Location and Host" finished-at="2015-09-28T14:57:50Z">
          <params>
            <param index="0">
              <value>
                <![CDATA[148.147.162.225]]>
              </value>
            </param>
            <param index="1">
              <value>
                <![CDATA[CMM-07.0.0.0.441-e55-0.ova]]>
              </value>
            </param>
          </params>
          <reporter-output>
          </reporter-output>
        </test-method> <!-- AddVMSuite -->
        <test-method status="FAIL" signature="EditVM(java.lang.String, java.lang.String)[pri:0, instance:com.avaya.sdmclient.runnerdemo.c1@5a34d1d1]" name="EditVM" duration-ms="36660" started-at="2015-09-28T14:57:50Z" description="Editing VM to given Location and Host" finished-at="2015-09-28T14:58:27Z">
          <params>
            <param index="0">
              <value>
                <![CDATA[148.147.162.225]]>
              </value>
            </param>
            <param index="1">
              <value>
                <![CDATA[CMM-07.0.0.0.441-e55-0.ova]]>
              </value>
            </param>
          </params>
          <exception class="org.openqa.selenium.NoSuchElementException">
            <message>
              <![CDATA[Unable to locate element: {"method":"xpath","selector":".//*[@id='radiofield-1248-inputEl']"}
Command duration or timeout: 11.52 seconds
For documentation on this error, please visit: http://seleniumhq.org/exceptions/no_such_element.html
Build info: version: '2.46.0', revision: '87c69e2', time: '2015-06-04 16:16:47'
System info: host: 'HA1101901716', ip: '148.147.208.138', os.name: 'Windows 7', os.arch: 'amd64', os.version: '6.1', java.version: '1.7.0_71'
*** Element info: {Using=xpath, value=.//*[@id='radiofield-1248-inputEl']}
Session ID: 6f760767-fbc4-4a32-9875-01f5ec110a4c
Driver info: org.openqa.selenium.firefox.FirefoxDriver
Capabilities [{platform=WINDOWS, acceptSslCerts=true, javascriptEnabled=true, cssSelectorsEnabled=true, databaseEnabled=true, browserName=firefox, handlesAlerts=true, nativeEvents=false, webStorageEnabled=true, rotatable=false, locationContextEnabled=true, applicationCacheEnabled=true, takesScreenshot=true, version=40.0.3}]]]>
            </message>
            <full-stacktrace>
              <![CDATA[org.openqa.selenium.NoSuchElementException: Unable to locate element: {"method":"xpath","selector":".//*[@id='radiofield-1248-inputEl']"}
Command duration or timeout: 11.52 seconds
For documentation on this error, please visit: http://seleniumhq.org/exceptions/no_such_element.html
Build info: version: '2.46.0', revision: '87c69e2', time: '2015-06-04 16:16:47'
System info: host: 'HA1101901716', ip: '148.147.208.138', os.name: 'Windows 7', os.arch: 'amd64', os.version: '6.1', java.version: '1.7.0_71'
*** Element info: {Using=xpath, value=.//*[@id='radiofield-1248-inputEl']}
Session ID: 6f760767-fbc4-4a32-9875-01f5ec110a4c
Driver info: org.openqa.selenium.firefox.FirefoxDriver
Capabilities [{platform=WINDOWS, acceptSslCerts=true, javascriptEnabled=true, cssSelectorsEnabled=true, databaseEnabled=true, browserName=firefox, handlesAlerts=true, nativeEvents=false, webStorageEnabled=true, rotatable=false, locationContextEnabled=true, applicationCacheEnabled=true, takesScreenshot=true, version=40.0.3}]
	at sun.reflect.NativeConstructorAccessorImpl.newInstance0(Native Method)
	at sun.reflect.NativeConstructorAccessorImpl.newInstance(Unknown Source)
	at sun.reflect.DelegatingConstructorAccessorImpl.newInstance(Unknown Source)
	at java.lang.reflect.Constructor.newInstance(Unknown Source)
	at org.openqa.selenium.remote.ErrorHandler.createThrowable(ErrorHandler.java:204)
	at org.openqa.selenium.remote.ErrorHandler.throwIfResponseFailed(ErrorHandler.java:156)
	at org.openqa.selenium.remote.RemoteWebDriver.execute(RemoteWebDriver.java:605)
	at org.openqa.selenium.remote.RemoteWebDriver.findElement(RemoteWebDriver.java:358)
	at org.openqa.selenium.remote.RemoteWebDriver.findElementByXPath(RemoteWebDriver.java:455)
	at org.openqa.selenium.By$ByXPath.findElement(By.java:358)
	at org.openqa.selenium.remote.RemoteWebDriver.findElement(RemoteWebDriver.java:350)
	at com.avaya.sdmclient.runnerdemo.c1.EditVM(c1.java:181)
	at sun.reflect.NativeMethodAccessorImpl.invoke0(Native Method)
	at sun.reflect.NativeMethodAccessorImpl.invoke(Unknown Source)
	at sun.reflect.DelegatingMethodAccessorImpl.invoke(Unknown Source)
	at java.lang.reflect.Method.invoke(Unknown Source)
	at org.testng.internal.MethodInvocationHelper.invokeMethod(MethodInvocationHelper.java:85)
	at org.testng.internal.Invoker.invokeMethod(Invoker.java:648)
	at org.testng.internal.Invoker.invokeTestMethod(Invoker.java:834)
	at org.testng.internal.Invoker.invokeTestMethods(Invoker.java:1142)
	at org.testng.internal.TestMethodWorker.invokeTestMethods(TestMethodWorker.java:124)
	at org.testng.internal.TestMethodWorker.run(TestMethodWorker.java:108)
	at org.testng.TestRunner.privateRun(TestRunner.java:771)
	at org.testng.TestRunner.run(TestRunner.java:621)
	at org.testng.SuiteRunner.runTest(SuiteRunner.java:357)
	at org.testng.SuiteRunner.runSequentially(SuiteRunner.java:352)
	at org.testng.SuiteRunner.privateRun(SuiteRunner.java:310)
	at org.testng.SuiteRunner.run(SuiteRunner.java:259)
	at org.testng.SuiteRunnerWorker.runSuite(SuiteRunnerWorker.java:52)
	at org.testng.SuiteRunnerWorker.run(SuiteRunnerWorker.java:86)
	at org.testng.TestNG.runSuitesSequentially(TestNG.java:1176)
	at org.testng.TestNG.runSuitesSequentially(TestNG.java:1172)
	at org.testng.TestNG.runSuitesLocally(TestNG.java:1101)
	at org.testng.TestNG.run(TestNG.java:1009)
	at com.avaya.sdmclient.runnerdemo.settingsForConcThreads.runThread(settingsForConcThreads.java:284)
	at com.avaya.sdmclient.runnerdemo.sdmSMGRConcurrent$2MyRunnable.run(sdmSMGRConcurrent.java:657)
	at java.lang.Thread.run(Unknown Source)
Caused by: org.openqa.selenium.NoSuchElementException: Unable to locate element: {"method":"xpath","selector":".//*[@id='radiofield-1248-inputEl']"}
For documentation on this error, please visit: http://seleniumhq.org/exceptions/no_such_element.html
Build info: version: '2.46.0', revision: '87c69e2', time: '2015-06-04 16:16:47'
System info: host: 'HA1101901716', ip: '148.147.208.138', os.name: 'Windows 7', os.arch: 'amd64', os.version: '6.1', java.version: '1.7.0_71'
Driver info: driver.version: unknown
	at <anonymous class>.FirefoxDriver.prototype.findElementInternal_(file:///C:/Users/BSHING~1/AppData/Local/Temp/anonymous1450863959705658398webdriver-profile/extensions/fxdriver@googlecode.com/components/driver-component.js:10299)
	at <anonymous class>.fxdriver.Timer.prototype.setTimeout/<.notify(file:///C:/Users/BSHING~1/AppData/Local/Temp/anonymous1450863959705658398webdriver-profile/extensions/fxdriver@googlecode.com/components/driver-component.js:603)
]]>
            </full-stacktrace>
          </exception> <!-- org.openqa.selenium.NoSuchElementException -->
          <reporter-output>
          </reporter-output>
        </test-method> <!-- EditVM -->
        <test-method status="FAIL" signature="StopVM(java.lang.String, java.lang.String)[pri:0, instance:com.avaya.sdmclient.runnerdemo.c1@5a34d1d1]" name="StopVM" duration-ms="77987" started-at="2015-09-28T14:58:27Z" description="Stoping VM to given Location and Host" finished-at="2015-09-28T14:59:45Z">
          <params>
            <param index="0">
              <value>
                <![CDATA[148.147.162.225]]>
              </value>
            </param>
            <param index="1">
              <value>
                <![CDATA[CMM-07.0.0.0.441-e55-0.ova]]>
              </value>
            </param>
          </params>
          <exception class="org.openqa.selenium.ElementNotVisibleException">
            <message>
              <![CDATA[Element is not currently visible and so may not be interacted with
Command duration or timeout: 11.61 seconds
Build info: version: '2.46.0', revision: '87c69e2', time: '2015-06-04 16:16:47'
System info: host: 'HA1101901716', ip: '148.147.208.138', os.name: 'Windows 7', os.arch: 'amd64', os.version: '6.1', java.version: '1.7.0_71'
Session ID: 6f760767-fbc4-4a32-9875-01f5ec110a4c
Driver info: org.openqa.selenium.firefox.FirefoxDriver
Capabilities [{platform=WINDOWS, acceptSslCerts=true, javascriptEnabled=true, cssSelectorsEnabled=true, databaseEnabled=true, browserName=firefox, handlesAlerts=true, nativeEvents=false, webStorageEnabled=true, rotatable=false, locationContextEnabled=true, applicationCacheEnabled=true, takesScreenshot=true, version=40.0.3}]]]>
            </message>
            <full-stacktrace>
              <![CDATA[org.openqa.selenium.ElementNotVisibleException: Element is not currently visible and so may not be interacted with
Command duration or timeout: 11.61 seconds
Build info: version: '2.46.0', revision: '87c69e2', time: '2015-06-04 16:16:47'
System info: host: 'HA1101901716', ip: '148.147.208.138', os.name: 'Windows 7', os.arch: 'amd64', os.version: '6.1', java.version: '1.7.0_71'
Session ID: 6f760767-fbc4-4a32-9875-01f5ec110a4c
Driver info: org.openqa.selenium.firefox.FirefoxDriver
Capabilities [{platform=WINDOWS, acceptSslCerts=true, javascriptEnabled=true, cssSelectorsEnabled=true, databaseEnabled=true, browserName=firefox, handlesAlerts=true, nativeEvents=false, webStorageEnabled=true, rotatable=false, locationContextEnabled=true, applicationCacheEnabled=true, takesScreenshot=true, version=40.0.3}]
	at sun.reflect.NativeConstructorAccessorImpl.newInstance0(Native Method)
	at sun.reflect.NativeConstructorAccessorImpl.newInstance(Unknown Source)
	at sun.reflect.DelegatingConstructorAccessorImpl.newInstance(Unknown Source)
	at java.lang.reflect.Constructor.newInstance(Unknown Source)
	at org.openqa.selenium.remote.ErrorHandler.createThrowable(ErrorHandler.java:204)
	at org.openqa.selenium.remote.ErrorHandler.throwIfResponseFailed(ErrorHandler.java:156)
	at org.openqa.selenium.remote.RemoteWebDriver.execute(RemoteWebDriver.java:605)
	at org.openqa.selenium.remote.RemoteWebElement.execute(RemoteWebElement.java:269)
	at org.openqa.selenium.remote.RemoteWebElement.click(RemoteWebElement.java:80)
	at com.avaya.sdmclient.runnerdemo.c1.StopVM(c1.java:225)
	at sun.reflect.NativeMethodAccessorImpl.invoke0(Native Method)
	at sun.reflect.NativeMethodAccessorImpl.invoke(Unknown Source)
	at sun.reflect.DelegatingMethodAccessorImpl.invoke(Unknown Source)
	at java.lang.reflect.Method.invoke(Unknown Source)
	at org.testng.internal.MethodInvocationHelper.invokeMethod(MethodInvocationHelper.java:85)
	at org.testng.internal.Invoker.invokeMethod(Invoker.java:648)
	at org.testng.internal.Invoker.invokeTestMethod(Invoker.java:834)
	at org.testng.internal.Invoker.invokeTestMethods(Invoker.java:1142)
	at org.testng.internal.TestMethodWorker.invokeTestMethods(TestMethodWorker.java:124)
	at org.testng.internal.TestMethodWorker.run(TestMethodWorker.java:108)
	at org.testng.TestRunner.privateRun(TestRunner.java:771)
	at org.testng.TestRunner.run(TestRunner.java:621)
	at org.testng.SuiteRunner.runTest(SuiteRunner.java:357)
	at org.testng.SuiteRunner.runSequentially(SuiteRunner.java:352)
	at org.testng.SuiteRunner.privateRun(SuiteRunner.java:310)
	at org.testng.SuiteRunner.run(SuiteRunner.java:259)
	at org.testng.SuiteRunnerWorker.runSuite(SuiteRunnerWorker.java:52)
	at org.testng.SuiteRunnerWorker.run(SuiteRunnerWorker.java:86)
	at org.testng.TestNG.runSuitesSequentially(TestNG.java:1176)
	at org.testng.TestNG.runSuitesSequentially(TestNG.java:1172)
	at org.testng.TestNG.runSuitesLocally(TestNG.java:1101)
	at org.testng.TestNG.run(TestNG.java:1009)
	at com.avaya.sdmclient.runnerdemo.settingsForConcThreads.runThread(settingsForConcThreads.java:284)
	at com.avaya.sdmclient.runnerdemo.sdmSMGRConcurrent$2MyRunnable.run(sdmSMGRConcurrent.java:657)
	at java.lang.Thread.run(Unknown Source)
Caused by: org.openqa.selenium.ElementNotVisibleException: Element is not currently visible and so may not be interacted with
Build info: version: '2.46.0', revision: '87c69e2', time: '2015-06-04 16:16:47'
System info: host: 'HA1101901716', ip: '148.147.208.138', os.name: 'Windows 7', os.arch: 'amd64', os.version: '6.1', java.version: '1.7.0_71'
Driver info: driver.version: unknown
	at <anonymous class>.fxdriver.preconditions.visible(file:///C:/Users/BSHING~1/AppData/Local/Temp/anonymous1450863959705658398webdriver-profile/extensions/fxdriver@googlecode.com/components/command-processor.js:9615)
	at <anonymous class>.DelayedCommand.prototype.checkPreconditions_(file:///C:/Users/BSHING~1/AppData/Local/Temp/anonymous1450863959705658398webdriver-profile/extensions/fxdriver@googlecode.com/components/command-processor.js:12265)
	at <anonymous class>.DelayedCommand.prototype.executeInternal_/h(file:///C:/Users/BSHING~1/AppData/Local/Temp/anonymous1450863959705658398webdriver-profile/extensions/fxdriver@googlecode.com/components/command-processor.js:12282)
	at <anonymous class>.fxdriver.Timer.prototype.setTimeout/<.notify(file:///C:/Users/BSHING~1/AppData/Local/Temp/anonymous1450863959705658398webdriver-profile/extensions/fxdriver@googlecode.com/components/command-processor.js:603)
]]>
            </full-stacktrace>
          </exception> <!-- org.openqa.selenium.ElementNotVisibleException -->
          <reporter-output>
          </reporter-output>
        </test-method> <!-- StopVM -->
        <test-method status="PASS" signature="StartVM(java.lang.String, java.lang.String)[pri:0, instance:com.avaya.sdmclient.runnerdemo.c1@5a34d1d1]" name="StartVM" duration-ms="126033" started-at="2015-09-28T14:59:45Z" description="Starting VM to given Location and Host" finished-at="2015-09-28T15:01:51Z">
          <params>
            <param index="0">
              <value>
                <![CDATA[148.147.162.225]]>
              </value>
            </param>
            <param index="1">
              <value>
                <![CDATA[CMM-07.0.0.0.441-e55-0.ova]]>
              </value>
            </param>
          </params>
          <reporter-output>
          </reporter-output>
        </test-method> <!-- StartVM -->
        <test-method status="FAIL" signature="RefreshVM(java.lang.String, java.lang.String)[pri:0, instance:com.avaya.sdmclient.runnerdemo.c1@5a34d1d1]" name="RefreshVM" duration-ms="95012" started-at="2015-09-28T15:01:51Z" description="Refreshing VM to given Location and Host" finished-at="2015-09-28T15:03:26Z">
          <params>
            <param index="0">
              <value>
                <![CDATA[148.147.162.225]]>
              </value>
            </param>
            <param index="1">
              <value>
                <![CDATA[CMM-07.0.0.0.441-e55-0.ova]]>
              </value>
            </param>
          </params>
          <exception class="org.openqa.selenium.NoSuchElementException">
            <message>
              <![CDATA[Unable to locate element: {"method":"id","selector":"vmDeployStatus"}
Command duration or timeout: 11.54 seconds
For documentation on this error, please visit: http://seleniumhq.org/exceptions/no_such_element.html
Build info: version: '2.46.0', revision: '87c69e2', time: '2015-06-04 16:16:47'
System info: host: 'HA1101901716', ip: '148.147.208.138', os.name: 'Windows 7', os.arch: 'amd64', os.version: '6.1', java.version: '1.7.0_71'
*** Element info: {Using=id, value=vmDeployStatus}
Session ID: 6f760767-fbc4-4a32-9875-01f5ec110a4c
Driver info: org.openqa.selenium.firefox.FirefoxDriver
Capabilities [{platform=WINDOWS, acceptSslCerts=true, javascriptEnabled=true, cssSelectorsEnabled=true, databaseEnabled=true, browserName=firefox, handlesAlerts=true, nativeEvents=false, webStorageEnabled=true, rotatable=false, locationContextEnabled=true, applicationCacheEnabled=true, takesScreenshot=true, version=40.0.3}]]]>
            </message>
            <full-stacktrace>
              <![CDATA[org.openqa.selenium.NoSuchElementException: Unable to locate element: {"method":"id","selector":"vmDeployStatus"}
Command duration or timeout: 11.54 seconds
For documentation on this error, please visit: http://seleniumhq.org/exceptions/no_such_element.html
Build info: version: '2.46.0', revision: '87c69e2', time: '2015-06-04 16:16:47'
System info: host: 'HA1101901716', ip: '148.147.208.138', os.name: 'Windows 7', os.arch: 'amd64', os.version: '6.1', java.version: '1.7.0_71'
*** Element info: {Using=id, value=vmDeployStatus}
Session ID: 6f760767-fbc4-4a32-9875-01f5ec110a4c
Driver info: org.openqa.selenium.firefox.FirefoxDriver
Capabilities [{platform=WINDOWS, acceptSslCerts=true, javascriptEnabled=true, cssSelectorsEnabled=true, databaseEnabled=true, browserName=firefox, handlesAlerts=true, nativeEvents=false, webStorageEnabled=true, rotatable=false, locationContextEnabled=true, applicationCacheEnabled=true, takesScreenshot=true, version=40.0.3}]
	at sun.reflect.NativeConstructorAccessorImpl.newInstance0(Native Method)
	at sun.reflect.NativeConstructorAccessorImpl.newInstance(Unknown Source)
	at sun.reflect.DelegatingConstructorAccessorImpl.newInstance(Unknown Source)
	at java.lang.reflect.Constructor.newInstance(Unknown Source)
	at org.openqa.selenium.remote.ErrorHandler.createThrowable(ErrorHandler.java:204)
	at org.openqa.selenium.remote.ErrorHandler.throwIfResponseFailed(ErrorHandler.java:156)
	at org.openqa.selenium.remote.RemoteWebDriver.execute(RemoteWebDriver.java:605)
	at org.openqa.selenium.remote.RemoteWebDriver.findElement(RemoteWebDriver.java:358)
	at org.openqa.selenium.remote.RemoteWebDriver.findElementById(RemoteWebDriver.java:399)
	at org.openqa.selenium.By$ById.findElement(By.java:215)
	at org.openqa.selenium.remote.RemoteWebDriver.findElement(RemoteWebDriver.java:350)
	at org.openqa.selenium.support.ui.ExpectedConditions.findElement(ExpectedConditions.java:809)
	at org.openqa.selenium.support.ui.ExpectedConditions.access$0(ExpectedConditions.java:807)
	at org.openqa.selenium.support.ui.ExpectedConditions$13.apply(ExpectedConditions.java:387)
	at org.openqa.selenium.support.ui.ExpectedConditions$13.apply(ExpectedConditions.java:1)
	at org.openqa.selenium.support.ui.FluentWait.until(FluentWait.java:209)
	at com.avaya.sdmclient.Settings.fluentWait(Settings.java:546)
	at com.avaya.sdmclient.Settings.StatusCheck(Settings.java:636)
	at com.avaya.sdmclient.runnerdemo.c1.RefreshVM(c1.java:304)
	at sun.reflect.NativeMethodAccessorImpl.invoke0(Native Method)
	at sun.reflect.NativeMethodAccessorImpl.invoke(Unknown Source)
	at sun.reflect.DelegatingMethodAccessorImpl.invoke(Unknown Source)
	at java.lang.reflect.Method.invoke(Unknown Source)
	at org.testng.internal.MethodInvocationHelper.invokeMethod(MethodInvocationHelper.java:85)
	at org.testng.internal.Invoker.invokeMethod(Invoker.java:648)
	at org.testng.internal.Invoker.invokeTestMethod(Invoker.java:834)
	at org.testng.internal.Invoker.invokeTestMethods(Invoker.java:1142)
	at org.testng.internal.TestMethodWorker.invokeTestMethods(TestMethodWorker.java:124)
	at org.testng.internal.TestMethodWorker.run(TestMethodWorker.java:108)
	at org.testng.TestRunner.privateRun(TestRunner.java:771)
	at org.testng.TestRunner.run(TestRunner.java:621)
	at org.testng.SuiteRunner.runTest(SuiteRunner.java:357)
	at org.testng.SuiteRunner.runSequentially(SuiteRunner.java:352)
	at org.testng.SuiteRunner.privateRun(SuiteRunner.java:310)
	at org.testng.SuiteRunner.run(SuiteRunner.java:259)
	at org.testng.SuiteRunnerWorker.runSuite(SuiteRunnerWorker.java:52)
	at org.testng.SuiteRunnerWorker.run(SuiteRunnerWorker.java:86)
	at org.testng.TestNG.runSuitesSequentially(TestNG.java:1176)
	at org.testng.TestNG.runSuitesSequentially(TestNG.java:1172)
	at org.testng.TestNG.runSuitesLocally(TestNG.java:1101)
	at org.testng.TestNG.run(TestNG.java:1009)
	at com.avaya.sdmclient.runnerdemo.settingsForConcThreads.runThread(settingsForConcThreads.java:284)
	at com.avaya.sdmclient.runnerdemo.sdmSMGRConcurrent$2MyRunnable.run(sdmSMGRConcurrent.java:657)
	at java.lang.Thread.run(Unknown Source)
Caused by: org.openqa.selenium.NoSuchElementException: Unable to locate element: {"method":"id","selector":"vmDeployStatus"}
For documentation on this error, please visit: http://seleniumhq.org/exceptions/no_such_element.html
Build info: version: '2.46.0', revision: '87c69e2', time: '2015-06-04 16:16:47'
System info: host: 'HA1101901716', ip: '148.147.208.138', os.name: 'Windows 7', os.arch: 'amd64', os.version: '6.1', java.version: '1.7.0_71'
Driver info: driver.version: unknown
	at <anonymous class>.FirefoxDriver.prototype.findElementInternal_(file:///C:/Users/BSHING~1/AppData/Local/Temp/anonymous1450863959705658398webdriver-profile/extensions/fxdriver@googlecode.com/components/driver-component.js:10299)
	at <anonymous class>.fxdriver.Timer.prototype.setTimeout/<.notify(file:///C:/Users/BSHING~1/AppData/Local/Temp/anonymous1450863959705658398webdriver-profile/extensions/fxdriver@googlecode.com/components/driver-component.js:603)
]]>
            </full-stacktrace>
          </exception> <!-- org.openqa.selenium.NoSuchElementException -->
          <reporter-output>
          </reporter-output>
        </test-method> <!-- RefreshVM -->
        <test-method status="PASS" signature="RestartVM(java.lang.String, java.lang.String)[pri:0, instance:com.avaya.sdmclient.runnerdemo.c1@5a34d1d1]" name="RestartVM" duration-ms="160438" started-at="2015-09-28T15:03:26Z" description="Restarting VM to given Location and Host" finished-at="2015-09-28T15:06:06Z">
          <params>
            <param index="0">
              <value>
                <![CDATA[148.147.162.225]]>
              </value>
            </param>
            <param index="1">
              <value>
                <![CDATA[CMM-07.0.0.0.441-e55-0.ova]]>
              </value>
            </param>
          </params>
          <reporter-output>
          </reporter-output>
        </test-method> <!-- RestartVM -->
        <test-method status="PASS" signature="DeleteVM(java.lang.String, java.lang.String)[pri:0, instance:com.avaya.sdmclient.runnerdemo.c1@5a34d1d1]" name="DeleteVM" duration-ms="39138" started-at="2015-09-28T15:06:06Z" description="Deleting VM to given Location and Host" finished-at="2015-09-28T15:06:45Z">
          <params>
            <param index="0">
              <value>
                <![CDATA[148.147.162.225]]>
              </value>
            </param>
            <param index="1">
              <value>
                <![CDATA[CMM-07.0.0.0.441-e55-0.ova]]>
              </value>
            </param>
          </params>
          <reporter-output>
          </reporter-output>
        </test-method> <!-- DeleteVM -->
        <test-method status="PASS" signature="startNewThread(java.lang.String, java.lang.String)[pri:0, instance:com.avaya.sdmclient.runnerdemo.c1@5a34d1d1]" name="startNewThread" duration-ms="285721" started-at="2015-09-28T15:06:45Z" description="Starting New Thread" finished-at="2015-09-28T15:11:31Z">
          <params>
            <param index="0">
              <value>
                <![CDATA[148.147.162.225]]>
              </value>
            </param>
            <param index="1">
              <value>
                <![CDATA[CMM-07.0.0.0.441-e55-0.ova]]>
              </value>
            </param>
          </params>
          <reporter-output>
          </reporter-output>
        </test-method> <!-- startNewThread -->
      </class> <!-- com.avaya.sdmclient.runnerdemo.c1 -->
    </test> <!-- CMM-07.0.0.0.441-e55-0.ova -->
  </suite> <!-- Suite1 -->
</testng-results>
